<?xml version="1.0" encoding="UTF-8"?>
<!-- Generated by org.testng.reporters.JUnitReportReporter -->
<testsuite hostname="DESKTOP-PHFPU1U" failures="0" tests="3" name="TestScenerios.TestMethods_GoogleSearch" time="18.272" errors="0" timestamp="2022-09-12T19:28:24 BDT" skipped="0">
  <testcase classname="TestScenerios.TestMethods_GoogleSearch" name="SearchOperation" time="8.658"/>
  <system-out/>
  <testcase classname="TestScenerios.TestMethods_GoogleSearch" name="VerifyandAccessFacebook" time="3.067"/>
  <system-out/>
  <testcase classname="TestScenerios.TestMethods_GoogleSearch" name="VerifyLoginfunctionality" time="6.547"/>
  <system-out/>
</testsuite> <!-- TestScenerios.TestMethods_GoogleSearch -->
